<?xml version="1.0" encoding="utf-8"?>
<testsuites time="0.131" tests="2" failures="2">
  <testsuite id="0" name="Source.TestSubmission.dll" tests="2" failures="2" time="0.131">
    <testcase classname="Codenation.Challenge.CountryTest" name="Codenation.Challenge.CountryTest.Should_Return_10_Itens_When_Get_Top_10_States" time="0.1100000">
      <error message="System.FormatException : Input string was not in a correct format.">   at System.Number.StringToNumber(ReadOnlySpan`1 str, NumberStyles options, NumberBuffer&amp; number, NumberFormatInfo info, Boolean parseDecimal)
   at System.Number.ParseInt64(ReadOnlySpan`1 value, NumberStyles options, NumberFormatInfo numfmt)
   at System.Int64.Parse(String s)
   at Codenation.Challenge.Country.GetStates(List`1 list) in C:\Users\Danielly\codenation\csharp-3\Source\Country.cs:line 80
   at Codenation.Challenge.Country.Top10StatesByArea() in C:\Users\Danielly\codenation\csharp-3\Source\Country.cs:line 45
   at Codenation.Challenge.CountryTest.Should_Return_10_Itens_When_Get_Top_10_States() in C:\Users\Danielly\codenation\csharp-3\Source.TestSubmission\CountryTest.cs:line 12</error>
    </testcase>
    <testcase classname="Codenation.Challenge.CountryTest" name="Codenation.Challenge.CountryTest.Should_Return_Top_10_States_By_Area" time="0.0210000">
      <error message="System.FormatException : Input string was not in a correct format.">   at System.Number.StringToNumber(ReadOnlySpan`1 str, NumberStyles options, NumberBuffer&amp; number, NumberFormatInfo info, Boolean parseDecimal)
   at System.Number.ParseInt64(ReadOnlySpan`1 value, NumberStyles options, NumberFormatInfo numfmt)
   at System.Int64.Parse(String s)
   at Codenation.Challenge.Country.GetStates(List`1 list) in C:\Users\Danielly\codenation\csharp-3\Source\Country.cs:line 80
   at Codenation.Challenge.Country.Top10StatesByArea() in C:\Users\Danielly\codenation\csharp-3\Source\Country.cs:line 45
   at Codenation.Challenge.CountryTest.Should_Return_Top_10_States_By_Area() in C:\Users\Danielly\codenation\csharp-3\Source.TestSubmission\CountryTest.cs:line 32</error>
    </testcase>
  </testsuite>
</testsuites>