<?xml version="1.0" encoding="utf-8"?>
<testsuites time="37.171" tests="45" failures="9">
  <testsuite id="0" name="Source.TestSubmission.dll" tests="45" failures="9" time="37.171">
    <testcase classname="Codenation.Challenge.AccelerationControllerTest" name="Codenation.Challenge.AccelerationControllerTest.Should_Be_Ok_When_Find_By_Company_Id(companyId: 1)" time="1.4230000" />
    <testcase classname="Codenation.Challenge.AccelerationControllerTest" name="Codenation.Challenge.AccelerationControllerTest.Should_Be_Ok_When_Find_By_Company_Id(companyId: 2)" time="0.2840000" />
    <testcase classname="Codenation.Challenge.AccelerationControllerTest" name="Codenation.Challenge.AccelerationControllerTest.Should_Be_Ok_When_Find_By_Id(id: 2)" time="0.2350000" />
    <testcase classname="Codenation.Challenge.AccelerationControllerTest" name="Codenation.Challenge.AccelerationControllerTest.Should_Be_Ok_When_Find_By_Id(id: 1)" time="0.2080000" />
    <testcase classname="Codenation.Challenge.AccelerationControllerTest" name="Codenation.Challenge.AccelerationControllerTest.Should_Be_Ok_When_Find_By_Id(id: 3)" time="0.2520000" />
    <testcase classname="Codenation.Challenge.AccelerationControllerTest" name="Codenation.Challenge.AccelerationControllerTest.Should_Be_Ok_When_Post" time="0.3610000" />
    <testcase classname="Codenation.Challenge.CandidateControllerTest" name="Codenation.Challenge.CandidateControllerTest.Should_Be_Ok_When_Find_By_Id(userId: 3, accelerationId: 3, companyId: 3)" time="5.9100000">
      <error message="Assert.IsType() Failure&#xD;&#xA;Expected: Microsoft.AspNetCore.Mvc.OkObjectResult&#xD;&#xA;Actual:   (null)">   at Codenation.Challenge.CandidateControllerTest.Should_Be_Ok_When_Find_By_Id(Int32 userId, Int32 accelerationId, Int32 companyId) in C:\Users\Danielly\codenation\csharp-9\Source.TestSubmission\CandidateControllerTest.cs:line 26</error>
    </testcase>
    <testcase classname="Codenation.Challenge.CandidateControllerTest" name="Codenation.Challenge.CandidateControllerTest.Should_Be_Ok_When_Find_By_Id(userId: 1, accelerationId: 1, companyId: 1)" time="0.4110000">
      <error message="Assert.IsType() Failure&#xD;&#xA;Expected: Microsoft.AspNetCore.Mvc.OkObjectResult&#xD;&#xA;Actual:   (null)">   at Codenation.Challenge.CandidateControllerTest.Should_Be_Ok_When_Find_By_Id(Int32 userId, Int32 accelerationId, Int32 companyId) in C:\Users\Danielly\codenation\csharp-9\Source.TestSubmission\CandidateControllerTest.cs:line 26</error>
    </testcase>
    <testcase classname="Codenation.Challenge.CandidateControllerTest" name="Codenation.Challenge.CandidateControllerTest.Should_Be_Ok_When_Find_By_Id(userId: 2, accelerationId: 2, companyId: 2)" time="0.3360000">
      <error message="Assert.IsType() Failure&#xD;&#xA;Expected: Microsoft.AspNetCore.Mvc.OkObjectResult&#xD;&#xA;Actual:   (null)">   at Codenation.Challenge.CandidateControllerTest.Should_Be_Ok_When_Find_By_Id(Int32 userId, Int32 accelerationId, Int32 companyId) in C:\Users\Danielly\codenation\csharp-9\Source.TestSubmission\CandidateControllerTest.cs:line 26</error>
    </testcase>
    <testcase classname="Codenation.Challenge.CandidateControllerTest" name="Codenation.Challenge.CandidateControllerTest.Should_Be_Ok_When_Find_By_Company_Id(companyId: 3)" time="0.4600000" />
    <testcase classname="Codenation.Challenge.CandidateControllerTest" name="Codenation.Challenge.CandidateControllerTest.Should_Be_Ok_When_Find_By_Company_Id(companyId: 2)" time="0.3680000" />
    <testcase classname="Codenation.Challenge.CandidateControllerTest" name="Codenation.Challenge.CandidateControllerTest.Should_Be_Ok_When_Find_By_Company_Id(companyId: 1)" time="0.2350000" />
    <testcase classname="Codenation.Challenge.CandidateControllerTest" name="Codenation.Challenge.CandidateControllerTest.Should_Be_Ok_When_Find_By_Accelaration_Id(accelerationId: 3)" time="0.4790000">
      <error message="Assert.Equal() Failure&#xD;&#xA;Expected: List&lt;CandidateDTO&gt; [CandidateDTO { AccelerationId = 3, CompanyId = 3, CreatedAt = 2018-09-04T08:52:21.0000000, Status = 3, UserId = 3 }, CandidateDTO { AccelerationId = 3, CompanyId = 1, CreatedAt = 2018-10-20T21:16:17.0000000, Status = 2, UserId = 1 }, CandidateDTO { AccelerationId = 3, CompanyId = 1, CreatedAt = 2019-01-11T12:51:23.0000000, Status = 5, UserId = 2 }, CandidateDTO { AccelerationId = 3, CompanyId = 2, CreatedAt = 2018-08-23T20:06:53.0000000, Status = 2, UserId = 3 }, CandidateDTO { AccelerationId = 3, CompanyId = 5, CreatedAt = 2019-08-04T22:15:40.0000000, Status = 2, UserId = 5 }, ...]&#xD;&#xA;Actual:   List&lt;CandidateDTO&gt; [CandidateDTO { AccelerationId = 3, CompanyId = 3, CreatedAt = 2018-09-04T08:52:21.0000000, Status = 3, UserId = 3 }]">   at Codenation.Challenge.CandidateControllerTest.Should_Be_Ok_When_Find_By_Accelaration_Id(Int32 accelerationId) in C:\Users\Danielly\codenation\csharp-9\Source.TestSubmission\CandidateControllerTest.cs:line 71</error>
    </testcase>
    <testcase classname="Codenation.Challenge.CandidateControllerTest" name="Codenation.Challenge.CandidateControllerTest.Should_Be_Ok_When_Find_By_Accelaration_Id(accelerationId: 1)" time="0.2540000">
      <error message="Assert.Equal() Failure&#xD;&#xA;Expected: List&lt;CandidateDTO&gt; [CandidateDTO { AccelerationId = 1, CompanyId = 1, CreatedAt = 2019-06-10T18:10:43.0000000, Status = 2, UserId = 1 }, CandidateDTO { AccelerationId = 1, CompanyId = 5, CreatedAt = 2019-08-11T17:31:33.0000000, Status = 5, UserId = 5 }, CandidateDTO { AccelerationId = 1, CompanyId = 6, CreatedAt = 2018-08-24T16:06:08.0000000, Status = 3, UserId = 6 }, CandidateDTO { AccelerationId = 1, CompanyId = 7, CreatedAt = 2018-09-01T04:21:00.0000000, Status = 5, UserId = 7 }, CandidateDTO { AccelerationId = 1, CompanyId = 8, CreatedAt = 2019-07-22T06:07:46.0000000, Status = 3, UserId = 8 }, ...]&#xD;&#xA;Actual:   List&lt;CandidateDTO&gt; [CandidateDTO { AccelerationId = 1, CompanyId = 1, CreatedAt = 2019-06-10T18:10:43.0000000, Status = 2, UserId = 1 }, CandidateDTO { AccelerationId = 2, CompanyId = 1, CreatedAt = 2019-03-23T02:31:49.0000000, Status = 2, UserId = 1 }, CandidateDTO { AccelerationId = 3, CompanyId = 1, CreatedAt = 2018-10-20T21:16:17.0000000, Status = 2, UserId = 1 }, CandidateDTO { AccelerationId = 4, CompanyId = 1, CreatedAt = 2019-01-04T01:21:18.0000000, Status = 1, UserId = 1 }, CandidateDTO { AccelerationId = 3, CompanyId = 1, CreatedAt = 2019-01-11T12:51:23.0000000, Status = 5, UserId = 2 }, ...]">   at Codenation.Challenge.CandidateControllerTest.Should_Be_Ok_When_Find_By_Accelaration_Id(Int32 accelerationId) in C:\Users\Danielly\codenation\csharp-9\Source.TestSubmission\CandidateControllerTest.cs:line 71</error>
    </testcase>
    <testcase classname="Codenation.Challenge.CandidateControllerTest" name="Codenation.Challenge.CandidateControllerTest.Should_Be_Ok_When_Find_By_Accelaration_Id(accelerationId: 2)" time="0.2910000">
      <error message="Assert.Equal() Failure&#xD;&#xA;Expected: List&lt;CandidateDTO&gt; [CandidateDTO { AccelerationId = 2, CompanyId = 2, CreatedAt = 2019-03-06T04:21:52.0000000, Status = 1, UserId = 2 }, CandidateDTO { AccelerationId = 2, CompanyId = 1, CreatedAt = 2019-03-23T02:31:49.0000000, Status = 2, UserId = 1 }, CandidateDTO { AccelerationId = 2, CompanyId = 5, CreatedAt = 2019-02-05T15:06:35.0000000, Status = 4, UserId = 5 }, CandidateDTO { AccelerationId = 2, CompanyId = 6, CreatedAt = 2018-10-27T09:14:21.0000000, Status = 5, UserId = 6 }]&#xD;&#xA;Actual:   List&lt;CandidateDTO&gt; [CandidateDTO { AccelerationId = 2, CompanyId = 2, CreatedAt = 2019-03-06T04:21:52.0000000, Status = 1, UserId = 2 }, CandidateDTO { AccelerationId = 3, CompanyId = 2, CreatedAt = 2018-08-23T20:06:53.0000000, Status = 2, UserId = 3 }, CandidateDTO { AccelerationId = 4, CompanyId = 2, CreatedAt = 2019-02-08T02:31:33.0000000, Status = 2, UserId = 3 }]">   at Codenation.Challenge.CandidateControllerTest.Should_Be_Ok_When_Find_By_Accelaration_Id(Int32 accelerationId) in C:\Users\Danielly\codenation\csharp-9\Source.TestSubmission\CandidateControllerTest.cs:line 71</error>
    </testcase>
    <testcase classname="Codenation.Challenge.CandidateControllerTest" name="Codenation.Challenge.CandidateControllerTest.Should_Be_Ok_When_Post" time="0.3060000" />
    <testcase classname="Codenation.Challenge.ChallengeControllerTest" name="Codenation.Challenge.ChallengeControllerTest.Should_Be_Ok_When_Find_By_Accelartion_And_User(accelerationId: 1, userId: 1)" time="5.9070000">
      <error message="Assert.IsType() Failure&#xD;&#xA;Expected: Microsoft.AspNetCore.Mvc.OkObjectResult&#xD;&#xA;Actual:   Microsoft.AspNetCore.Mvc.OkResult">   at Codenation.Challenge.ChallengeControllerTest.Should_Be_Ok_When_Find_By_Accelartion_And_User(Int32 accelerationId, Int32 userId) in C:\Users\Danielly\codenation\csharp-9\Source.TestSubmission\ChallengeControllerTest.cs:line 28</error>
    </testcase>
    <testcase classname="Codenation.Challenge.ChallengeControllerTest" name="Codenation.Challenge.ChallengeControllerTest.Should_Be_Ok_When_Find_By_Accelartion_And_User(accelerationId: 3, userId: 3)" time="0.3920000">
      <error message="Assert.IsType() Failure&#xD;&#xA;Expected: Microsoft.AspNetCore.Mvc.OkObjectResult&#xD;&#xA;Actual:   Microsoft.AspNetCore.Mvc.OkResult">   at Codenation.Challenge.ChallengeControllerTest.Should_Be_Ok_When_Find_By_Accelartion_And_User(Int32 accelerationId, Int32 userId) in C:\Users\Danielly\codenation\csharp-9\Source.TestSubmission\ChallengeControllerTest.cs:line 28</error>
    </testcase>
    <testcase classname="Codenation.Challenge.ChallengeControllerTest" name="Codenation.Challenge.ChallengeControllerTest.Should_Be_Ok_When_Find_By_Accelartion_And_User(accelerationId: 2, userId: 2)" time="0.4680000">
      <error message="Assert.IsType() Failure&#xD;&#xA;Expected: Microsoft.AspNetCore.Mvc.OkObjectResult&#xD;&#xA;Actual:   Microsoft.AspNetCore.Mvc.OkResult">   at Codenation.Challenge.ChallengeControllerTest.Should_Be_Ok_When_Find_By_Accelartion_And_User(Int32 accelerationId, Int32 userId) in C:\Users\Danielly\codenation\csharp-9\Source.TestSubmission\ChallengeControllerTest.cs:line 28</error>
    </testcase>
    <testcase classname="Codenation.Challenge.ChallengeControllerTest" name="Codenation.Challenge.ChallengeControllerTest.Should_Be_Ok_When_Post" time="0.4230000" />
    <testcase classname="Codenation.Challenge.CompanyControllerTest" name="Codenation.Challenge.CompanyControllerTest.Should_Be_Ok_When_Post" time="5.9720000" />
    <testcase classname="Codenation.Challenge.CompanyControllerTest" name="Codenation.Challenge.CompanyControllerTest.Should_Be_OK_When_Find_By_Accelaration_Id(accelerationId: 1)" time="0.3790000" />
    <testcase classname="Codenation.Challenge.CompanyControllerTest" name="Codenation.Challenge.CompanyControllerTest.Should_Be_OK_When_Find_By_Accelaration_Id(accelerationId: 2)" time="0.2410000" />
    <testcase classname="Codenation.Challenge.CompanyControllerTest" name="Codenation.Challenge.CompanyControllerTest.Should_Be_Ok_When_Find_By_User_Id(userId: 2)" time="0.1870000" />
    <testcase classname="Codenation.Challenge.CompanyControllerTest" name="Codenation.Challenge.CompanyControllerTest.Should_Be_Ok_When_Find_By_User_Id(userId: 3)" time="0.3520000" />
    <testcase classname="Codenation.Challenge.CompanyControllerTest" name="Codenation.Challenge.CompanyControllerTest.Should_Be_Ok_When_Find_By_User_Id(userId: 1)" time="0.5640000" />
    <testcase classname="Codenation.Challenge.CompanyControllerTest" name="Codenation.Challenge.CompanyControllerTest.Should_Be_Ok_When_Find_By_Id(id: 1)" time="0.3650000" />
    <testcase classname="Codenation.Challenge.CompanyControllerTest" name="Codenation.Challenge.CompanyControllerTest.Should_Be_Ok_When_Find_By_Id(id: 3)" time="0.3220000" />
    <testcase classname="Codenation.Challenge.CompanyControllerTest" name="Codenation.Challenge.CompanyControllerTest.Should_Be_Ok_When_Find_By_Id(id: 2)" time="0.3290000" />
    <testcase classname="Codenation.Challenge.SubmissionControllerTest" name="Codenation.Challenge.SubmissionControllerTest.Should_Be_Higher_Score_When_Get_By_Challenge_Id(challengeId: 2)" time="5.4880000" />
    <testcase classname="Codenation.Challenge.SubmissionControllerTest" name="Codenation.Challenge.SubmissionControllerTest.Should_Be_Higher_Score_When_Get_By_Challenge_Id(challengeId: 1)" time="0.2150000" />
    <testcase classname="Codenation.Challenge.SubmissionControllerTest" name="Codenation.Challenge.SubmissionControllerTest.Should_Be_Higher_Score_When_Get_By_Challenge_Id(challengeId: 3)" time="0.1870000" />
    <testcase classname="Codenation.Challenge.SubmissionControllerTest" name="Codenation.Challenge.SubmissionControllerTest.Should_Be_Ok_When_Find_By_Challenge_And_Acceleration(challengeId: 2, accelerationId: 2)" time="0.4020000" />
    <testcase classname="Codenation.Challenge.SubmissionControllerTest" name="Codenation.Challenge.SubmissionControllerTest.Should_Be_Ok_When_Find_By_Challenge_And_Acceleration(challengeId: 1, accelerationId: 1)" time="0.2550000" />
    <testcase classname="Codenation.Challenge.SubmissionControllerTest" name="Codenation.Challenge.SubmissionControllerTest.Should_Be_Ok_When_Find_By_Challenge_And_Acceleration(challengeId: 3, accelerationId: 3)" time="0.1720000" />
    <testcase classname="Codenation.Challenge.SubmissionControllerTest" name="Codenation.Challenge.SubmissionControllerTest.Should_Be_Ok_When_Post" time="0.3310000" />
    <testcase classname="Codenation.Challenge.UserControllerTest" name="Codenation.Challenge.UserControllerTest.Should_Be_Ok_When_Get_By_Id(id: 1)" time="0.5090000" />
    <testcase classname="Codenation.Challenge.UserControllerTest" name="Codenation.Challenge.UserControllerTest.Should_Be_Ok_When_Get_By_Id(id: 3)" time="0.2300000" />
    <testcase classname="Codenation.Challenge.UserControllerTest" name="Codenation.Challenge.UserControllerTest.Should_Be_Ok_When_Get_By_Id(id: 2)" time="0.2030000" />
    <testcase classname="Codenation.Challenge.UserControllerTest" name="Codenation.Challenge.UserControllerTest.Should_Be_Ok_When_Get_All_By_Company_Id(companyId: 2)" time="0.2950000" />
    <testcase classname="Codenation.Challenge.UserControllerTest" name="Codenation.Challenge.UserControllerTest.Should_Be_Ok_When_Get_All_By_Company_Id(companyId: 1)" time="0.3420000" />
    <testcase classname="Codenation.Challenge.UserControllerTest" name="Codenation.Challenge.UserControllerTest.Should_Be_Ok_When_Get_All_By_Company_Id(companyId: 3)" time="0.2570000" />
    <testcase classname="Codenation.Challenge.UserControllerTest" name="Codenation.Challenge.UserControllerTest.Should_Be_OK_When_Post" time="0.2590000" />
    <testcase classname="Codenation.Challenge.UserControllerTest" name="Codenation.Challenge.UserControllerTest.Should_Be_Ok_When_Get_All_By_Accelaration_Name(accelerationName: &quot;Velvet Grass&quot;)" time="0.1680000" />
    <testcase classname="Codenation.Challenge.UserControllerTest" name="Codenation.Challenge.UserControllerTest.Should_Be_Ok_When_Get_All_By_Accelaration_Name(accelerationName: &quot;Progesterone&quot;)" time="0.1440000" />
  </testsuite>
</testsuites>