<?xml version="1.0" encoding="utf-8"?>
<testsuites time="0.265" tests="5" failures="0">
  <testsuite id="0" name="Source.TestSubmission.dll" tests="5" failures="0" time="0.265">
    <testcase classname="Codenation.Challenge.MathTest" name="Codenation.Challenge.MathTest.Is_NotFibonacci_Test" time="0.1110000" />
    <testcase classname="Codenation.Challenge.MathTest" name="Codenation.Challenge.MathTest.Is_Fibonacci_Test" time="0.0080000" />
    <testcase classname="Codenation.Challenge.MathTest" name="Codenation.Challenge.MathTest.Fibonacci_Membrers_Test" time="0.1400000" />
    <testcase classname="Codenation.Challenge.MathTest" name="Codenation.Challenge.MathTest.Fibonacci_Test" time="0.0040000" />
    <testcase classname="Codenation.Challenge.MathTest" name="Codenation.Challenge.MathTest.Fibonacci_Membrer_Count_Test" time="0.0020000" />
  </testsuite>
</testsuites>